  stdafx.cpp
  smiPing1CNativeAddIn.cpp
c:\users\s.milytinskiy\source\repos\smiping1cnativeaddin\src\smiping1cnativeaddin.cpp(100): warning C4311: приведение типов: усечение указателя из "IComponentBase *" в "long"
c:\users\s.milytinskiy\source\repos\smiping1cnativeaddin\src\smiping1cnativeaddin.cpp(100): warning C4302: приведение типов: усечение из "IComponentBase *" к "long"
c:\users\s.milytinskiy\source\repos\smiping1cnativeaddin\src\smiping1cnativeaddin.cpp(185): warning C4267: инициализация: преобразование из "size_t" в "int"; возможна потеря данных
c:\users\s.milytinskiy\source\repos\smiping1cnativeaddin\src\smiping1cnativeaddin.cpp(249): warning C4267: аргумент: преобразование из "size_t" в "unsigned long"; возможна потеря данных
c:\users\s.milytinskiy\source\repos\smiping1cnativeaddin\src\smiping1cnativeaddin.cpp(250): warning C4267: аргумент: преобразование из "size_t" в "uint32_t"; возможна потеря данных
c:\users\s.milytinskiy\source\repos\smiping1cnativeaddin\src\smiping1cnativeaddin.cpp(261): warning C4267: =: преобразование из "size_t" в "int"; возможна потеря данных
c:\users\s.milytinskiy\source\repos\smiping1cnativeaddin\src\smiping1cnativeaddin.cpp(281): warning C4267: =: преобразование из "size_t" в "uint32_t"; возможна потеря данных
c:\users\s.milytinskiy\source\repos\smiping1cnativeaddin\src\smiping1cnativeaddin.cpp(314): warning C4267: =: преобразование из "size_t" в "uint32_t"; возможна потеря данных
c:\users\s.milytinskiy\source\repos\smiping1cnativeaddin\src\smiping1cnativeaddin.cpp(433): warning C4267: =: преобразование из "size_t" в "int"; возможна потеря данных
c:\users\s.milytinskiy\source\repos\smiping1cnativeaddin\src\smiping1cnativeaddin.cpp(525): warning C4267: =: преобразование из "size_t" в "uint32_t"; возможна потеря данных
c:\users\s.milytinskiy\source\repos\smiping1cnativeaddin\src\smiping1cnativeaddin.cpp(585): warning C4267: инициализация: преобразование из "size_t" в "int"; возможна потеря данных
c:\users\s.milytinskiy\source\repos\smiping1cnativeaddin\src\smiping1cnativeaddin.cpp(585): warning C4996: 'mbstowcs': This function or variable may be unsafe. Consider using mbstowcs_s instead. To disable deprecation, use _CRT_SECURE_NO_WARNINGS. See online help for details.
  c:\program files (x86)\windows kits\10\include\10.0.17134.0\ucrt\stdlib.h(927): note:  см. объявление "mbstowcs"
c:\users\s.milytinskiy\source\repos\smiping1cnativeaddin\src\smiping1cnativeaddin.cpp(591): warning C4996: 'mbstowcs': This function or variable may be unsafe. Consider using mbstowcs_s instead. To disable deprecation, use _CRT_SECURE_NO_WARNINGS. See online help for details.
  c:\program files (x86)\windows kits\10\include\10.0.17134.0\ucrt\stdlib.h(927): note:  см. объявление "mbstowcs"
c:\users\s.milytinskiy\source\repos\smiping1cnativeaddin\src\smiping1cnativeaddin.cpp(697): warning C4018: >: несоответствие типов со знаком и без знака
c:\users\s.milytinskiy\source\repos\smiping1cnativeaddin\src\smiping1cnativeaddin.cpp(698): warning C4018: <: несоответствие типов со знаком и без знака
c:\users\s.milytinskiy\source\repos\smiping1cnativeaddin\src\smiping1cnativeaddin.cpp(628): warning C4101: iResult: неиспользованная локальная переменная
c:\users\s.milytinskiy\source\repos\smiping1cnativeaddin\src\smiping1cnativeaddin.cpp(627): warning C4101: wsaData: неиспользованная локальная переменная
  WcharWrapper.cpp
c:\users\s.milytinskiy\source\repos\smiping1cnativeaddin\src\wcharwrapper.cpp(16): warning C4267: инициализация: преобразование из "size_t" в "int"; возможна потеря данных
  dllmain.cpp
C:\Program Files (x86)\Microsoft Visual Studio\2017\Community\Common7\IDE\VC\VCTargets\Microsoft.CppBuild.targets(1206,5): warning MSB8012: TargetExt(64.dll) не соответствует значению свойства выходного файла (.dll) для Linker. Это может привести к неправильной сборке проекта. Чтобы исправить это, убедитесь, что значения свойств $(OutDir), $(TargetName) и $(TargetExt) соответствуют значению, указанному в %(Link.OutputFile).
C:\Program Files (x86)\Microsoft Visual Studio\2017\Community\Common7\IDE\VC\VCTargets\Microsoft.CppBuild.targets(1207,5): warning MSB8012: TargetName(smiPing1CNativeAddIn) не соответствует значению свойства выходного файла (smiPing1CNativeAddIn64) для Linker. Это может привести к неправильной сборке проекта. Чтобы исправить это, убедитесь, что значения свойств $(OutDir), $(TargetName) и $(TargetExt) соответствуют значению, указанному в %(Link.OutputFile).
     Создается библиотека C:\Users\s.milytinskiy\Source\Repos\smiPing1CNativeAddIn\src\x64\Release\smiPing1CNativeAddIn.lib и объект C:\Users\s.milytinskiy\Source\Repos\smiPing1CNativeAddIn\src\x64\Release\smiPing1CNativeAddIn.exp
smiPing1CNativeAddIn.exp : warning LNK4070: директива /OUT:smiPing1CNativeAddIn.dll в .EXP отличается от имени выходного файла "C:\Users\s.milytinskiy\Source\Repos\smiPing1CNativeAddIn\src\x64\Release\smiPing1CNativeAddIn64.dll"; директива игнорируется
  Создание кода
c:\users\s.milytinskiy\source\repos\smiping1cnativeaddin\src\smiping1cnativeaddin.cpp(589): warning C4700: использована неинициализированная локальная переменная "wstrResult"
c:\users\s.milytinskiy\source\repos\smiping1cnativeaddin\src\smiping1cnativeaddin.cpp(719): warning C4715: CTemplNative::Ping: значение возвращается не при всех путях выполнения
  All 125 functions were compiled because no usable IPDB/IOBJ from previous compilation was found.
  Создание кода завершено
smiPing1CNativeAddIn.exp : warning LNK4070: директива /OUT:smiPing1CNativeAddIn.dll в .EXP отличается от имени выходного файла "C:\Users\s.milytinskiy\Source\Repos\smiPing1CNativeAddIn\src\x64\Release\smiPing1CNativeAddIn64.dll"; директива игнорируется
  smiPing1CNativeAddIn.vcxproj -> C:\Users\s.milytinskiy\Source\Repos\smiPing1CNativeAddIn\src\x64\Release\smiPing1CNativeAddIn64.dll
